<?xml version="1.0" encoding="UTF-8"?>
<testng-results skipped="0" failed="0" ignored="0" total="1" passed="1">
  <reporter-output>
  </reporter-output>
  <suite name="Suite" duration-ms="16278" started-at="2021-04-18T11:39:06Z" finished-at="2021-04-18T11:39:22Z">
    <groups>
    </groups>
    <test name="Test" duration-ms="16278" started-at="2021-04-18T11:39:06Z" finished-at="2021-04-18T11:39:22Z">
      <class name="Test1">
        <test-method status="PASS" signature="test1()[pri:0, instance:Test1@13969fbe]" name="test1" duration-ms="16253" started-at="2021-04-18T17:09:06Z" finished-at="2021-04-18T17:09:22Z">
          <reporter-output>
          </reporter-output>
        </test-method> <!-- test1 -->
      </class> <!-- Test1 -->
    </test> <!-- Test -->
  </suite> <!-- Suite -->
</testng-results>
